TN:
SF:/build/build/test/main.c
FN:60,lowercase
FN:79,isTestSkipped
FN:92,main
FNDA:1,main
FNDA:2,lowercase
FNDA:0,isTestSkipped
FNF:3
FNH:2
DA:60,2
DA:66,2
DA:67,2
DA:69,2
DA:70,0
DA:72,2
DA:73,68
DA:74,66
DA:76,2
DA:79,0
DA:81,0
DA:82,0
DA:83,0
DA:87,0
DA:92,1
DA:95,1
DA:99,1
DA:105,1
DA:107,0
DA:108,0
DA:109,0
DA:111,0
DA:112,0
DA:113,0
DA:114,0
DA:115,0
DA:117,0
DA:118,0
DA:119,0
DA:121,0
DA:122,0
DA:123,0
DA:125,1
DA:126,1
DA:127,1
DA:129,1
DA:130,1
DA:131,1
DA:133,1
DA:134,0
DA:135,0
DA:137,1
DA:139,0
DA:140,0
DA:141,0
DA:142,0
DA:143,0
DA:144,0
DA:145,0
DA:146,0
DA:147,0
DA:148,0
DA:151,0
DA:152,0
DA:153,0
DA:154,0
DA:156,0
DA:157,0
DA:160,0
DA:162,0
DA:165,1
DA:166,1
DA:168,2
DA:169,1
DA:170,1
DA:171,0
DA:172,0
DA:173,0
DA:174,1
DA:175,1
DA:176,1
DA:177,1
DA:179,1
DA:181,1
DA:182,1
DA:185,1
DA:186,0
DA:189,0
DA:191,1
DA:193,1
DA:197,0
DA:198,0
DA:199,0
DA:201,0
DA:203,0
LF:85
LH:35
end_of_record
